<?xml version="1.0" encoding="UTF-8"?>
<!-- Generated by org.testng.reporters.JUnitXMLReporter -->
<testsuite ignored="0" hostname="IN-LAP-ANJALI" failures="0" tests="3" name="Surefire test" time="27.737" errors="0" timestamp="2025-02-04T18:39:38 IST">
  <testcase classname="com.tricentis.tests.AutomationTest" name="testUserRegistration" time="4.375"/>
  <testcase classname="com.tricentis.tests.AutomationTest" name="testUserLogin" time="2.03"/>
  <testcase classname="com.tricentis.tests.AutomationTest" name="testAddItemToCart" time="15.188"/>
</testsuite> <!-- Surefire test -->
