<?xml version="1.0" encoding="UTF-8"?>
<!-- Generated by org.testng.reporters.JUnitXMLReporter -->
<testsuite ignored="0" hostname="IN-LAP-ANJALI" failures="0" tests="3" name="Surefire test" time="23.74" errors="0" timestamp="2025-02-04T18:32:25 IST">
  <testcase classname="com.tricentis.tests.AutomationTest" name="testUserRegistration" time="3.253"/>
  <testcase classname="com.tricentis.tests.AutomationTest" name="testUserLogin" time="1.572"/>
  <testcase classname="com.tricentis.tests.AutomationTest" name="testAddItemToCart" time="13.675"/>
</testsuite> <!-- Surefire test -->
